Namespace(Adiscription='Ore classification', saveName='/home/zhangyinan/ore/ore_classification/work_dirs/dual_tower_low', num_epochs=100, base_lr=0.0001, init_lr=1e-07, batch_size=32, weight_decay=0.0005, nclass=2, gpu='0', seed=3407, num_warmup=5, in_dim=1, lr_way='cos', log_interval=100, eval_interval=1, json_path='/home/zhangyinan/ore/data/dataset/train_val.json', modelName='dual_tower_low', pretrained='/home/zhangyinan/ore/ore_classification/pretrained/model.pt', hid_dim=128, savePath='/home/zhangyinan/ore/ore_classification/work_dirs/dual_tower_low')
dual_tower_low(
  (model_low): LeNet_5(
    (layer1): Sequential(
      (0): Conv2d(1, 6, kernel_size=(5, 5), stride=(1, 1), padding=(2, 2))
      (1): ReLU()
      (2): MaxPool2d(kernel_size=2, stride=2, padding=0, dilation=1, ceil_mode=False)
      (3): Conv2d(6, 16, kernel_size=(5, 5), stride=(1, 1))
      (4): ReLU()
      (5): MaxPool2d(kernel_size=2, stride=2, padding=0, dilation=1, ceil_mode=False)
    )
    (layer2): Sequential(
      (0): Linear(in_features=400, out_features=120, bias=True)
      (1): ReLU()
      (2): Linear(in_features=120, out_features=84, bias=True)
      (3): ReLU()
      (4): Linear(in_features=84, out_features=2, bias=True)
    )
  )
)
Total trainable pytorch params:0.061026 MB
Total pytorch params:0.061026 MB
----------
Train Epoch 0/99
Epoch 0/99, Batch 0/361,Batch Loss=0.6920
Epoch 0/99, Batch 100/361,Batch Loss=0.6974
Epoch 0/99, Batch 200/361,Batch Loss=0.6921
Epoch 0/99, Batch 300/361,Batch Loss=0.6939
Epoch 0/99, AUC=0.4927, Accuracy=0.4659, Precision=0.4949, Recall=0.4927, F1=0.4375
[[ 996 1246]
 [ 295  348]]
----------
Train Epoch 1/99
Epoch 1/99, Batch 0/361,Batch Loss=0.6934
Epoch 1/99, Batch 100/361,Batch Loss=0.6933
Epoch 1/99, Batch 200/361,Batch Loss=0.6777
Epoch 1/99, Batch 300/361,Batch Loss=0.6499
Epoch 1/99, AUC=0.5029, Accuracy=0.7730, Precision=0.5453, Recall=0.5029, F1=0.4505
[[2220   22]
 [ 633   10]]
----------
Train Epoch 2/99
Epoch 2/99, Batch 0/361,Batch Loss=0.6581
Epoch 2/99, Batch 100/361,Batch Loss=0.7226
Epoch 2/99, Batch 200/361,Batch Loss=0.4584
Epoch 2/99, Batch 300/361,Batch Loss=0.5109
Epoch 2/99, AUC=0.5000, Accuracy=0.7771, Precision=0.3886, Recall=0.5000, F1=0.4373
[[2242    0]
 [ 643    0]]
----------
Train Epoch 3/99
Epoch 3/99, Batch 0/361,Batch Loss=0.5134
Epoch 3/99, Batch 100/361,Batch Loss=0.5843
Epoch 3/99, Batch 200/361,Batch Loss=0.4058
Epoch 3/99, Batch 300/361,Batch Loss=0.5890
Epoch 3/99, AUC=0.5000, Accuracy=0.7771, Precision=0.3886, Recall=0.5000, F1=0.4373
[[2242    0]
 [ 643    0]]
----------
Train Epoch 4/99
Epoch 4/99, Batch 0/361,Batch Loss=0.3927
Epoch 4/99, Batch 100/361,Batch Loss=0.3867
Epoch 4/99, Batch 200/361,Batch Loss=0.5110
Epoch 4/99, Batch 300/361,Batch Loss=0.3993
Epoch 4/99, AUC=0.5000, Accuracy=0.7771, Precision=0.3886, Recall=0.5000, F1=0.4373
[[2242    0]
 [ 643    0]]
----------
Train Epoch 5/99
Epoch 5/99, Batch 0/361,Batch Loss=0.4161
Epoch 5/99, Batch 100/361,Batch Loss=0.5137
Epoch 5/99, Batch 200/361,Batch Loss=0.8515
Epoch 5/99, Batch 300/361,Batch Loss=0.5132
Epoch 5/99, AUC=0.5000, Accuracy=0.7771, Precision=0.3886, Recall=0.5000, F1=0.4373
[[2242    0]
 [ 643    0]]
----------
Train Epoch 6/99
Epoch 6/99, Batch 0/361,Batch Loss=0.5758
Epoch 6/99, Batch 100/361,Batch Loss=0.5601
Epoch 6/99, Batch 200/361,Batch Loss=0.5374
Epoch 6/99, Batch 300/361,Batch Loss=0.6790
Epoch 6/99, AUC=0.5000, Accuracy=0.7771, Precision=0.3886, Recall=0.5000, F1=0.4373
[[2242    0]
 [ 643    0]]
----------
Train Epoch 7/99
Epoch 7/99, Batch 0/361,Batch Loss=0.4914
Epoch 7/99, Batch 100/361,Batch Loss=0.4876
Epoch 7/99, Batch 200/361,Batch Loss=0.3945
Epoch 7/99, Batch 300/361,Batch Loss=0.5466
Epoch 7/99, AUC=0.5000, Accuracy=0.7771, Precision=0.3886, Recall=0.5000, F1=0.4373
[[2242    0]
 [ 643    0]]
----------
Train Epoch 8/99
Epoch 8/99, Batch 0/361,Batch Loss=0.6721
Epoch 8/99, Batch 100/361,Batch Loss=0.5284
Epoch 8/99, Batch 200/361,Batch Loss=0.5848
Epoch 8/99, Batch 300/361,Batch Loss=0.4172
Epoch 8/99, AUC=0.5000, Accuracy=0.7771, Precision=0.3886, Recall=0.5000, F1=0.4373
[[2242    0]
 [ 643    0]]
----------
Train Epoch 9/99
Epoch 9/99, Batch 0/361,Batch Loss=0.5324
Epoch 9/99, Batch 100/361,Batch Loss=0.5507
Epoch 9/99, Batch 200/361,Batch Loss=0.6490
Epoch 9/99, Batch 300/361,Batch Loss=0.5652
Epoch 9/99, AUC=0.5000, Accuracy=0.7771, Precision=0.3886, Recall=0.5000, F1=0.4373
[[2242    0]
 [ 643    0]]
----------
Train Epoch 10/99
Epoch 10/99, Batch 0/361,Batch Loss=0.5744
Epoch 10/99, Batch 100/361,Batch Loss=0.5969
Epoch 10/99, Batch 200/361,Batch Loss=0.4233
Epoch 10/99, Batch 300/361,Batch Loss=0.4137
Epoch 10/99, AUC=0.5000, Accuracy=0.7771, Precision=0.3886, Recall=0.5000, F1=0.4373
[[2242    0]
 [ 643    0]]
----------
Train Epoch 11/99
Epoch 11/99, Batch 0/361,Batch Loss=0.5364
Epoch 11/99, Batch 100/361,Batch Loss=0.6954
Epoch 11/99, Batch 200/361,Batch Loss=0.4008
Epoch 11/99, Batch 300/361,Batch Loss=0.6226
Epoch 11/99, AUC=0.5000, Accuracy=0.7771, Precision=0.3886, Recall=0.5000, F1=0.4373
[[2242    0]
 [ 643    0]]
----------
Train Epoch 12/99
Epoch 12/99, Batch 0/361,Batch Loss=0.6486
Epoch 12/99, Batch 100/361,Batch Loss=0.6705
Epoch 12/99, Batch 200/361,Batch Loss=0.6243
Epoch 12/99, Batch 300/361,Batch Loss=0.5337
Epoch 12/99, AUC=0.5000, Accuracy=0.7771, Precision=0.3886, Recall=0.5000, F1=0.4373
[[2242    0]
 [ 643    0]]
----------
Train Epoch 13/99
Epoch 13/99, Batch 0/361,Batch Loss=0.6793
Epoch 13/99, Batch 100/361,Batch Loss=0.4304
Epoch 13/99, Batch 200/361,Batch Loss=0.5568
Epoch 13/99, Batch 300/361,Batch Loss=0.5540
Epoch 13/99, AUC=0.5000, Accuracy=0.7771, Precision=0.3886, Recall=0.5000, F1=0.4373
[[2242    0]
 [ 643    0]]
----------
Train Epoch 14/99
Epoch 14/99, Batch 0/361,Batch Loss=0.5331
Epoch 14/99, Batch 100/361,Batch Loss=0.6109
Epoch 14/99, Batch 200/361,Batch Loss=0.4334
Epoch 14/99, Batch 300/361,Batch Loss=0.3673
Epoch 14/99, AUC=0.5000, Accuracy=0.7771, Precision=0.3886, Recall=0.5000, F1=0.4373
[[2242    0]
 [ 643    0]]
----------
Train Epoch 15/99
Epoch 15/99, Batch 0/361,Batch Loss=0.4300
Epoch 15/99, Batch 100/361,Batch Loss=0.5015
Epoch 15/99, Batch 200/361,Batch Loss=0.4539
Epoch 15/99, Batch 300/361,Batch Loss=0.4175
Epoch 15/99, AUC=0.5000, Accuracy=0.7771, Precision=0.3886, Recall=0.5000, F1=0.4373
[[2242    0]
 [ 643    0]]
----------
Train Epoch 16/99
Epoch 16/99, Batch 0/361,Batch Loss=0.5106
Epoch 16/99, Batch 100/361,Batch Loss=0.7394
Epoch 16/99, Batch 200/361,Batch Loss=0.4965
Epoch 16/99, Batch 300/361,Batch Loss=0.4842
Epoch 16/99, AUC=0.5000, Accuracy=0.7771, Precision=0.3886, Recall=0.5000, F1=0.4373
[[2242    0]
 [ 643    0]]
----------
Train Epoch 17/99
Epoch 17/99, Batch 0/361,Batch Loss=0.6287
Epoch 17/99, Batch 100/361,Batch Loss=0.5836
Epoch 17/99, Batch 200/361,Batch Loss=0.5263
Epoch 17/99, Batch 300/361,Batch Loss=0.4196
Epoch 17/99, AUC=0.5000, Accuracy=0.7771, Precision=0.3886, Recall=0.5000, F1=0.4373
[[2242    0]
 [ 643    0]]
----------
Train Epoch 18/99
Epoch 18/99, Batch 0/361,Batch Loss=0.6422
Epoch 18/99, Batch 100/361,Batch Loss=0.7265
Epoch 18/99, Batch 200/361,Batch Loss=0.5219
Epoch 18/99, Batch 300/361,Batch Loss=0.3870
Epoch 18/99, AUC=0.5000, Accuracy=0.7771, Precision=0.3886, Recall=0.5000, F1=0.4373
[[2242    0]
 [ 643    0]]
----------
Train Epoch 19/99
Epoch 19/99, Batch 0/361,Batch Loss=0.5056
Epoch 19/99, Batch 100/361,Batch Loss=0.5313
Epoch 19/99, Batch 200/361,Batch Loss=0.4650
Epoch 19/99, Batch 300/361,Batch Loss=0.4528
Epoch 19/99, AUC=0.5000, Accuracy=0.7771, Precision=0.3886, Recall=0.5000, F1=0.4373
[[2242    0]
 [ 643    0]]
----------
Train Epoch 20/99
Epoch 20/99, Batch 0/361,Batch Loss=0.3611
Epoch 20/99, Batch 100/361,Batch Loss=0.4838
Epoch 20/99, Batch 200/361,Batch Loss=0.5944
Epoch 20/99, Batch 300/361,Batch Loss=0.3726
Epoch 20/99, AUC=0.5006, Accuracy=0.7771, Precision=0.6387, Recall=0.5006, F1=0.4388
[[2241    1]
 [ 642    1]]
----------
Train Epoch 21/99
Epoch 21/99, Batch 0/361,Batch Loss=0.3829
Epoch 21/99, Batch 100/361,Batch Loss=0.3917
Epoch 21/99, Batch 200/361,Batch Loss=0.5673
Epoch 21/99, Batch 300/361,Batch Loss=0.4591
Epoch 21/99, AUC=0.4996, Accuracy=0.7764, Precision=0.3885, Recall=0.4996, F1=0.4371
[[2240    2]
 [ 643    0]]
----------
Train Epoch 22/99
Epoch 22/99, Batch 0/361,Batch Loss=0.3758
Epoch 22/99, Batch 100/361,Batch Loss=0.5462
Epoch 22/99, Batch 200/361,Batch Loss=0.4748
Epoch 22/99, Batch 300/361,Batch Loss=0.2862
Epoch 22/99, AUC=0.5000, Accuracy=0.7771, Precision=0.3886, Recall=0.5000, F1=0.4373
[[2242    0]
 [ 643    0]]
----------
Train Epoch 23/99
Epoch 23/99, Batch 0/361,Batch Loss=0.4315
Epoch 23/99, Batch 100/361,Batch Loss=0.4592
Epoch 23/99, Batch 200/361,Batch Loss=0.4311
Epoch 23/99, Batch 300/361,Batch Loss=0.4039
Epoch 23/99, AUC=0.4998, Accuracy=0.7768, Precision=0.3885, Recall=0.4998, F1=0.4372
[[2241    1]
 [ 643    0]]
----------
Train Epoch 24/99
Epoch 24/99, Batch 0/361,Batch Loss=0.5611
Epoch 24/99, Batch 100/361,Batch Loss=0.4336
Epoch 24/99, Batch 200/361,Batch Loss=0.4675
Epoch 24/99, Batch 300/361,Batch Loss=0.5743
Epoch 24/99, AUC=0.4996, Accuracy=0.7764, Precision=0.3885, Recall=0.4996, F1=0.4371
[[2240    2]
 [ 643    0]]
----------
Train Epoch 25/99
Epoch 25/99, Batch 0/361,Batch Loss=0.3927
Epoch 25/99, Batch 100/361,Batch Loss=0.5768
Epoch 25/99, Batch 200/361,Batch Loss=0.4552
Epoch 25/99, Batch 300/361,Batch Loss=0.5613
Epoch 25/99, AUC=0.4996, Accuracy=0.7764, Precision=0.3885, Recall=0.4996, F1=0.4371
[[2240    2]
 [ 643    0]]
----------
Train Epoch 26/99
Epoch 26/99, Batch 0/361,Batch Loss=0.7154
Epoch 26/99, Batch 100/361,Batch Loss=0.7047
Epoch 26/99, Batch 200/361,Batch Loss=0.6558
Epoch 26/99, Batch 300/361,Batch Loss=0.3703
Epoch 26/99, AUC=0.5024, Accuracy=0.7775, Precision=0.6747, Recall=0.5024, F1=0.4435
[[2239    3]
 [ 639    4]]
----------
Train Epoch 27/99
Epoch 27/99, Batch 0/361,Batch Loss=0.4217
Epoch 27/99, Batch 100/361,Batch Loss=0.5854
Epoch 27/99, Batch 200/361,Batch Loss=0.6467
Epoch 27/99, Batch 300/361,Batch Loss=0.4367
Epoch 27/99, AUC=0.5028, Accuracy=0.7771, Precision=0.6390, Recall=0.5028, F1=0.4448
[[2237    5]
 [ 638    5]]
----------
Train Epoch 28/99
Epoch 28/99, Batch 0/361,Batch Loss=0.5415
Epoch 28/99, Batch 100/361,Batch Loss=0.4149
Epoch 28/99, Batch 200/361,Batch Loss=0.4797
Epoch 28/99, Batch 300/361,Batch Loss=0.6208
Epoch 28/99, AUC=0.5033, Accuracy=0.7771, Precision=0.6391, Recall=0.5033, F1=0.4463
[[2236    6]
 [ 637    6]]
----------
Train Epoch 29/99
Epoch 29/99, Batch 0/361,Batch Loss=0.3760
Epoch 29/99, Batch 100/361,Batch Loss=0.6832
Epoch 29/99, Batch 200/361,Batch Loss=0.4990
Epoch 29/99, Batch 300/361,Batch Loss=0.3016
Epoch 29/99, AUC=0.5012, Accuracy=0.7747, Precision=0.5358, Recall=0.5012, F1=0.4440
[[2230   12]
 [ 638    5]]
----------
Train Epoch 30/99
Epoch 30/99, Batch 0/361,Batch Loss=0.6092
Epoch 30/99, Batch 100/361,Batch Loss=0.3896
Epoch 30/99, Batch 200/361,Batch Loss=0.6258
Epoch 30/99, Batch 300/361,Batch Loss=0.4003
Epoch 30/99, AUC=0.5047, Accuracy=0.7757, Precision=0.5977, Recall=0.5047, F1=0.4516
[[2228   14]
 [ 633   10]]
----------
Train Epoch 31/99
Epoch 31/99, Batch 0/361,Batch Loss=0.4675
Epoch 31/99, Batch 100/361,Batch Loss=0.5341
Epoch 31/99, Batch 200/361,Batch Loss=0.5324
Epoch 31/99, Batch 300/361,Batch Loss=0.4486
Epoch 31/99, AUC=0.5053, Accuracy=0.7768, Precision=0.6276, Recall=0.5053, F1=0.4520
[[2231   11]
 [ 633   10]]
----------
Train Epoch 32/99
Epoch 32/99, Batch 0/361,Batch Loss=0.5402
Epoch 32/99, Batch 100/361,Batch Loss=0.4938
Epoch 32/99, Batch 200/361,Batch Loss=0.5747
Epoch 32/99, Batch 300/361,Batch Loss=0.6522
Epoch 32/99, AUC=0.5060, Accuracy=0.7726, Precision=0.5674, Recall=0.5060, F1=0.4587
[[2213   29]
 [ 627   16]]
----------
Train Epoch 33/99
Epoch 33/99, Batch 0/361,Batch Loss=0.3764
Epoch 33/99, Batch 100/361,Batch Loss=0.5309
Epoch 33/99, Batch 200/361,Batch Loss=0.6328
Epoch 33/99, Batch 300/361,Batch Loss=0.3020
Epoch 33/99, AUC=0.5047, Accuracy=0.7757, Precision=0.5977, Recall=0.5047, F1=0.4516
[[2228   14]
 [ 633   10]]
----------
Train Epoch 34/99
Epoch 34/99, Batch 0/361,Batch Loss=0.5240
Epoch 34/99, Batch 100/361,Batch Loss=0.4597
Epoch 34/99, Batch 200/361,Batch Loss=0.4407
Epoch 34/99, Batch 300/361,Batch Loss=0.5817
Epoch 34/99, AUC=0.5052, Accuracy=0.7688, Precision=0.5427, Recall=0.5052, F1=0.4611
[[2199   43]
 [ 624   19]]
----------
Train Epoch 35/99
Epoch 35/99, Batch 0/361,Batch Loss=0.4854
Epoch 35/99, Batch 100/361,Batch Loss=0.5123
Epoch 35/99, Batch 200/361,Batch Loss=0.4171
Epoch 35/99, Batch 300/361,Batch Loss=0.6914
Epoch 35/99, AUC=0.5080, Accuracy=0.7757, Precision=0.6122, Recall=0.5080, F1=0.4600
[[2222   20]
 [ 627   16]]
----------
Train Epoch 36/99
Epoch 36/99, Batch 0/361,Batch Loss=0.5823
Epoch 36/99, Batch 100/361,Batch Loss=0.4959
Epoch 36/99, Batch 200/361,Batch Loss=0.4325
Epoch 36/99, Batch 300/361,Batch Loss=0.4939
Epoch 36/99, AUC=0.5070, Accuracy=0.7733, Precision=0.5787, Recall=0.5070, F1=0.4604
[[2214   28]
 [ 626   17]]
----------
Train Epoch 37/99
Epoch 37/99, Batch 0/361,Batch Loss=0.3612
Epoch 37/99, Batch 100/361,Batch Loss=0.4279
Epoch 37/99, Batch 200/361,Batch Loss=0.3274
Epoch 37/99, Batch 300/361,Batch Loss=0.3948
Epoch 37/99, AUC=0.5065, Accuracy=0.7744, Precision=0.5871, Recall=0.5065, F1=0.4581
[[2219   23]
 [ 628   15]]
----------
Train Epoch 38/99
Epoch 38/99, Batch 0/361,Batch Loss=0.4434
Epoch 38/99, Batch 100/361,Batch Loss=0.4307
Epoch 38/99, Batch 200/361,Batch Loss=0.4220
Epoch 38/99, Batch 300/361,Batch Loss=0.5604
Epoch 38/99, AUC=0.5065, Accuracy=0.7709, Precision=0.5594, Recall=0.5065, F1=0.4620
[[2205   37]
 [ 624   19]]
----------
Train Epoch 39/99
Epoch 39/99, Batch 0/361,Batch Loss=0.4675
Epoch 39/99, Batch 100/361,Batch Loss=0.5438
Epoch 39/99, Batch 200/361,Batch Loss=0.3058
Epoch 39/99, Batch 300/361,Batch Loss=0.4848
Epoch 39/99, AUC=0.5035, Accuracy=0.7705, Precision=0.5381, Recall=0.5035, F1=0.4551
[[2209   33]
 [ 629   14]]
----------
Train Epoch 40/99
Epoch 40/99, Batch 0/361,Batch Loss=0.4225
Epoch 40/99, Batch 100/361,Batch Loss=0.5802
Epoch 40/99, Batch 200/361,Batch Loss=0.3885
Epoch 40/99, Batch 300/361,Batch Loss=0.3471
Epoch 40/99, AUC=0.5072, Accuracy=0.7685, Precision=0.5518, Recall=0.5072, F1=0.4662
[[2194   48]
 [ 620   23]]
----------
Train Epoch 41/99
Epoch 41/99, Batch 0/361,Batch Loss=0.6859
Epoch 41/99, Batch 100/361,Batch Loss=0.5062
Epoch 41/99, Batch 200/361,Batch Loss=0.2206
Epoch 41/99, Batch 300/361,Batch Loss=0.4701
Epoch 41/99, AUC=0.5064, Accuracy=0.7698, Precision=0.5536, Recall=0.5064, F1=0.4629
[[2201   41]
 [ 623   20]]
----------
Train Epoch 42/99
Epoch 42/99, Batch 0/361,Batch Loss=0.3313
Epoch 42/99, Batch 100/361,Batch Loss=0.5308
Epoch 42/99, Batch 200/361,Batch Loss=0.3436
Epoch 42/99, Batch 300/361,Batch Loss=0.4936
Epoch 42/99, AUC=0.5066, Accuracy=0.7650, Precision=0.5392, Recall=0.5066, F1=0.4684
[[2181   61]
 [ 617   26]]
----------
Train Epoch 43/99
Epoch 43/99, Batch 0/361,Batch Loss=0.4478
Epoch 43/99, Batch 100/361,Batch Loss=0.5533
Epoch 43/99, Batch 200/361,Batch Loss=0.4686
Epoch 43/99, Batch 300/361,Batch Loss=0.3584
Epoch 43/99, AUC=0.5057, Accuracy=0.7688, Precision=0.5458, Recall=0.5057, F1=0.4624
[[2198   44]
 [ 623   20]]
----------
Train Epoch 44/99
Epoch 44/99, Batch 0/361,Batch Loss=0.4773
Epoch 44/99, Batch 100/361,Batch Loss=0.5086
Epoch 44/99, Batch 200/361,Batch Loss=0.4521
Epoch 44/99, Batch 300/361,Batch Loss=0.6502
Epoch 44/99, AUC=0.5080, Accuracy=0.7671, Precision=0.5505, Recall=0.5080, F1=0.4693
[[2187   55]
 [ 617   26]]
----------
Train Epoch 45/99
Epoch 45/99, Batch 0/361,Batch Loss=0.6183
Epoch 45/99, Batch 100/361,Batch Loss=0.6268
Epoch 45/99, Batch 200/361,Batch Loss=0.4753
Epoch 45/99, Batch 300/361,Batch Loss=0.3212
Epoch 45/99, AUC=0.5066, Accuracy=0.7685, Precision=0.5492, Recall=0.5066, F1=0.4649
[[2195   47]
 [ 621   22]]
----------
Train Epoch 46/99
Epoch 46/99, Batch 0/361,Batch Loss=0.4936
Epoch 46/99, Batch 100/361,Batch Loss=0.5559
Epoch 46/99, Batch 200/361,Batch Loss=0.4194
Epoch 46/99, Batch 300/361,Batch Loss=0.4809
Epoch 46/99, AUC=0.5037, Accuracy=0.7640, Precision=0.5234, Recall=0.5037, F1=0.4629
[[2182   60]
 [ 621   22]]
----------
Train Epoch 47/99
Epoch 47/99, Batch 0/361,Batch Loss=0.3306
Epoch 47/99, Batch 100/361,Batch Loss=0.4845
Epoch 47/99, Batch 200/361,Batch Loss=0.4194
Epoch 47/99, Batch 300/361,Batch Loss=0.4594
Epoch 47/99, AUC=0.5033, Accuracy=0.7685, Precision=0.5295, Recall=0.5033, F1=0.4570
[[2201   41]
 [ 627   16]]
----------
Train Epoch 48/99
Epoch 48/99, Batch 0/361,Batch Loss=0.3858
Epoch 48/99, Batch 100/361,Batch Loss=0.4613
Epoch 48/99, Batch 200/361,Batch Loss=0.5014
Epoch 48/99, Batch 300/361,Batch Loss=0.5472
Epoch 48/99, AUC=0.5065, Accuracy=0.7692, Precision=0.5513, Recall=0.5065, F1=0.4639
[[2198   44]
 [ 622   21]]
----------
Train Epoch 49/99
Epoch 49/99, Batch 0/361,Batch Loss=0.5876
Epoch 49/99, Batch 100/361,Batch Loss=0.4188
Epoch 49/99, Batch 200/361,Batch Loss=0.3079
Epoch 49/99, Batch 300/361,Batch Loss=0.4330
Epoch 49/99, AUC=0.5074, Accuracy=0.7636, Precision=0.5394, Recall=0.5074, F1=0.4714
[[2174   68]
 [ 614   29]]
----------
Train Epoch 50/99
Epoch 50/99, Batch 0/361,Batch Loss=0.4665
Epoch 50/99, Batch 100/361,Batch Loss=0.3855
Epoch 50/99, Batch 200/361,Batch Loss=0.2144
Epoch 50/99, Batch 300/361,Batch Loss=0.5488
Epoch 50/99, AUC=0.5052, Accuracy=0.7671, Precision=0.5374, Recall=0.5052, F1=0.4630
[[2192   50]
 [ 622   21]]
----------
Train Epoch 51/99
Epoch 51/99, Batch 0/361,Batch Loss=0.5065
Epoch 51/99, Batch 100/361,Batch Loss=0.4323
Epoch 51/99, Batch 200/361,Batch Loss=0.4158
Epoch 51/99, Batch 300/361,Batch Loss=0.7128
Epoch 51/99, AUC=0.5096, Accuracy=0.7601, Precision=0.5407, Recall=0.5096, F1=0.4792
[[2156   86]
 [ 606   37]]
----------
Train Epoch 52/99
Epoch 52/99, Batch 0/361,Batch Loss=0.4012
Epoch 52/99, Batch 100/361,Batch Loss=0.4507
Epoch 52/99, Batch 200/361,Batch Loss=0.4651
Epoch 52/99, Batch 300/361,Batch Loss=0.4279
Epoch 52/99, AUC=0.5053, Accuracy=0.7664, Precision=0.5362, Recall=0.5053, F1=0.4639
[[2189   53]
 [ 621   22]]
----------
Train Epoch 53/99
Epoch 53/99, Batch 0/361,Batch Loss=0.4458
Epoch 53/99, Batch 100/361,Batch Loss=0.4917
Epoch 53/99, Batch 200/361,Batch Loss=0.5208
Epoch 53/99, Batch 300/361,Batch Loss=0.4750
Epoch 53/99, AUC=0.5074, Accuracy=0.7688, Precision=0.5542, Recall=0.5074, F1=0.4663
[[2195   47]
 [ 620   23]]
----------
Train Epoch 54/99
Epoch 54/99, Batch 0/361,Batch Loss=0.3971
Epoch 54/99, Batch 100/361,Batch Loss=0.3358
Epoch 54/99, Batch 200/361,Batch Loss=0.6005
Epoch 54/99, Batch 300/361,Batch Loss=0.4611
Epoch 54/99, AUC=0.5109, Accuracy=0.7570, Precision=0.5399, Recall=0.5109, F1=0.4843
[[2141  101]
 [ 600   43]]
----------
Train Epoch 55/99
Epoch 55/99, Batch 0/361,Batch Loss=0.4232
Epoch 55/99, Batch 100/361,Batch Loss=0.3340
Epoch 55/99, Batch 200/361,Batch Loss=0.5079
Epoch 55/99, Batch 300/361,Batch Loss=0.5443
Epoch 55/99, AUC=0.5066, Accuracy=0.7633, Precision=0.5356, Recall=0.5066, F1=0.4700
[[2174   68]
 [ 615   28]]
----------
Train Epoch 56/99
Epoch 56/99, Batch 0/361,Batch Loss=0.4323
Epoch 56/99, Batch 100/361,Batch Loss=0.3919
Epoch 56/99, Batch 200/361,Batch Loss=0.3847
Epoch 56/99, Batch 300/361,Batch Loss=0.4031
Epoch 56/99, AUC=0.5083, Accuracy=0.7633, Precision=0.5420, Recall=0.5083, F1=0.4737
[[2171   71]
 [ 612   31]]
----------
Train Epoch 57/99
Epoch 57/99, Batch 0/361,Batch Loss=0.5049
Epoch 57/99, Batch 100/361,Batch Loss=0.5409
Epoch 57/99, Batch 200/361,Batch Loss=0.4555
Epoch 57/99, Batch 300/361,Batch Loss=0.4707
Epoch 57/99, AUC=0.5070, Accuracy=0.7570, Precision=0.5283, Recall=0.5070, F1=0.4764
[[2148   94]
 [ 607   36]]
----------
Train Epoch 58/99
Epoch 58/99, Batch 0/361,Batch Loss=0.4282
Epoch 58/99, Batch 100/361,Batch Loss=0.3588
Epoch 58/99, Batch 200/361,Batch Loss=0.3699
Epoch 58/99, Batch 300/361,Batch Loss=0.3090
Epoch 58/99, AUC=0.5131, Accuracy=0.7570, Precision=0.5456, Recall=0.5131, F1=0.4887
[[2137  105]
 [ 596   47]]
----------
Train Epoch 59/99
Epoch 59/99, Batch 0/361,Batch Loss=0.4081
Epoch 59/99, Batch 100/361,Batch Loss=0.4614
Epoch 59/99, Batch 200/361,Batch Loss=0.4020
Epoch 59/99, Batch 300/361,Batch Loss=0.4230
Epoch 59/99, AUC=0.5117, Accuracy=0.7539, Precision=0.5379, Recall=0.5117, F1=0.4880
[[2127  115]
 [ 595   48]]
----------
Train Epoch 60/99
Epoch 60/99, Batch 0/361,Batch Loss=0.5868
Epoch 60/99, Batch 100/361,Batch Loss=0.4707
Epoch 60/99, Batch 200/361,Batch Loss=0.3561
Epoch 60/99, Batch 300/361,Batch Loss=0.5906
Epoch 60/99, AUC=0.5135, Accuracy=0.7490, Precision=0.5372, Recall=0.5135, F1=0.4946
[[2104  138]
 [ 586   57]]
----------
Train Epoch 61/99
Epoch 61/99, Batch 0/361,Batch Loss=0.3996
Epoch 61/99, Batch 100/361,Batch Loss=0.4915
Epoch 61/99, Batch 200/361,Batch Loss=0.4500
Epoch 61/99, Batch 300/361,Batch Loss=0.2658
Epoch 61/99, AUC=0.5092, Accuracy=0.7553, Precision=0.5331, Recall=0.5092, F1=0.4823
[[2137  105]
 [ 601   42]]
----------
Train Epoch 62/99
Epoch 62/99, Batch 0/361,Batch Loss=0.4883
Epoch 62/99, Batch 100/361,Batch Loss=0.4859
Epoch 62/99, Batch 200/361,Batch Loss=0.4907
Epoch 62/99, Batch 300/361,Batch Loss=0.3060
Epoch 62/99, AUC=0.5075, Accuracy=0.7525, Precision=0.5254, Recall=0.5075, F1=0.4808
[[2129  113]
 [ 601   42]]
----------
Train Epoch 63/99
Epoch 63/99, Batch 0/361,Batch Loss=0.4172
Epoch 63/99, Batch 100/361,Batch Loss=0.3665
Epoch 63/99, Batch 200/361,Batch Loss=0.5770
Epoch 63/99, Batch 300/361,Batch Loss=0.3930
Epoch 63/99, AUC=0.5109, Accuracy=0.7536, Precision=0.5356, Recall=0.5109, F1=0.4868
[[2127  115]
 [ 596   47]]
----------
Train Epoch 64/99
Epoch 64/99, Batch 0/361,Batch Loss=0.4661
Epoch 64/99, Batch 100/361,Batch Loss=0.5230
Epoch 64/99, Batch 200/361,Batch Loss=0.4577
Epoch 64/99, Batch 300/361,Batch Loss=0.3639
Epoch 64/99, AUC=0.5160, Accuracy=0.7494, Precision=0.5425, Recall=0.5160, F1=0.4988
[[2101  141]
 [ 582   61]]
----------
Train Epoch 65/99
Epoch 65/99, Batch 0/361,Batch Loss=0.4678
Epoch 65/99, Batch 100/361,Batch Loss=0.5541
Epoch 65/99, Batch 200/361,Batch Loss=0.4469
Epoch 65/99, Batch 300/361,Batch Loss=0.5200
Epoch 65/99, AUC=0.5077, Accuracy=0.7546, Precision=0.5279, Recall=0.5077, F1=0.4797
[[2137  105]
 [ 603   40]]
----------
Train Epoch 66/99
Epoch 66/99, Batch 0/361,Batch Loss=0.5272
Epoch 66/99, Batch 100/361,Batch Loss=0.4543
Epoch 66/99, Batch 200/361,Batch Loss=0.4113
Epoch 66/99, Batch 300/361,Batch Loss=0.3846
Epoch 66/99, AUC=0.5091, Accuracy=0.7525, Precision=0.5300, Recall=0.5091, F1=0.4841
[[2126  116]
 [ 598   45]]
----------
Train Epoch 67/99
Epoch 67/99, Batch 0/361,Batch Loss=0.4635
Epoch 67/99, Batch 100/361,Batch Loss=0.5045
Epoch 67/99, Batch 200/361,Batch Loss=0.2854
Epoch 67/99, Batch 300/361,Batch Loss=0.3010
Epoch 67/99, AUC=0.5138, Accuracy=0.7494, Precision=0.5380, Recall=0.5138, F1=0.4948
[[2105  137]
 [ 586   57]]
----------
Train Epoch 68/99
Epoch 68/99, Batch 0/361,Batch Loss=0.3749
Epoch 68/99, Batch 100/361,Batch Loss=0.3392
Epoch 68/99, Batch 200/361,Batch Loss=0.5199
Epoch 68/99, Batch 300/361,Batch Loss=0.4274
Epoch 68/99, AUC=0.5113, Accuracy=0.7542, Precision=0.5375, Recall=0.5113, F1=0.4872
[[2129  113]
 [ 596   47]]
----------
Train Epoch 69/99
Epoch 69/99, Batch 0/361,Batch Loss=0.4135
Epoch 69/99, Batch 100/361,Batch Loss=0.2953
Epoch 69/99, Batch 200/361,Batch Loss=0.3285
Epoch 69/99, Batch 300/361,Batch Loss=0.5545
Epoch 69/99, AUC=0.5161, Accuracy=0.7574, Precision=0.5530, Recall=0.5161, F1=0.4942
[[2133  109]
 [ 591   52]]
----------
Train Epoch 70/99
Epoch 70/99, Batch 0/361,Batch Loss=0.3311
Epoch 70/99, Batch 100/361,Batch Loss=0.4872
Epoch 70/99, Batch 200/361,Batch Loss=0.4254
Epoch 70/99, Batch 300/361,Batch Loss=0.3063
Epoch 70/99, AUC=0.5120, Accuracy=0.7501, Precision=0.5348, Recall=0.5120, F1=0.4912
[[2111  131]
 [ 590   53]]
----------
Train Epoch 71/99
Epoch 71/99, Batch 0/361,Batch Loss=0.4000
Epoch 71/99, Batch 100/361,Batch Loss=0.3354
Epoch 71/99, Batch 200/361,Batch Loss=0.4149
Epoch 71/99, Batch 300/361,Batch Loss=0.6094
Epoch 71/99, AUC=0.5075, Accuracy=0.7560, Precision=0.5286, Recall=0.5075, F1=0.4782
[[2143   99]
 [ 605   38]]
----------
Train Epoch 72/99
Epoch 72/99, Batch 0/361,Batch Loss=0.3699
Epoch 72/99, Batch 100/361,Batch Loss=0.5427
Epoch 72/99, Batch 200/361,Batch Loss=0.4612
Epoch 72/99, Batch 300/361,Batch Loss=0.4312
Epoch 72/99, AUC=0.5137, Accuracy=0.7536, Precision=0.5422, Recall=0.5137, F1=0.4921
[[2122  120]
 [ 591   52]]
----------
Train Epoch 73/99
Epoch 73/99, Batch 0/361,Batch Loss=0.3482
Epoch 73/99, Batch 100/361,Batch Loss=0.3821
Epoch 73/99, Batch 200/361,Batch Loss=0.3233
Epoch 73/99, Batch 300/361,Batch Loss=0.2969
Epoch 73/99, AUC=0.5159, Accuracy=0.7518, Precision=0.5449, Recall=0.5159, F1=0.4972
[[2111  131]
 [ 585   58]]
----------
Train Epoch 74/99
Epoch 74/99, Batch 0/361,Batch Loss=0.2510
Epoch 74/99, Batch 100/361,Batch Loss=0.3284
Epoch 74/99, Batch 200/361,Batch Loss=0.3341
Epoch 74/99, Batch 300/361,Batch Loss=0.4241
Epoch 74/99, AUC=0.5089, Accuracy=0.7539, Precision=0.5307, Recall=0.5089, F1=0.4826
[[2132  110]
 [ 600   43]]
----------
Train Epoch 75/99
Epoch 75/99, Batch 0/361,Batch Loss=0.4035
Epoch 75/99, Batch 100/361,Batch Loss=0.5704
Epoch 75/99, Batch 200/361,Batch Loss=0.4999
Epoch 75/99, Batch 300/361,Batch Loss=0.3353
Epoch 75/99, AUC=0.5143, Accuracy=0.7529, Precision=0.5429, Recall=0.5143, F1=0.4937
[[2118  124]
 [ 589   54]]
----------
Train Epoch 76/99
Epoch 76/99, Batch 0/361,Batch Loss=0.3024
Epoch 76/99, Batch 100/361,Batch Loss=0.3650
Epoch 76/99, Batch 200/361,Batch Loss=0.3694
Epoch 76/99, Batch 300/361,Batch Loss=0.3955
Epoch 76/99, AUC=0.5139, Accuracy=0.7504, Precision=0.5393, Recall=0.5139, F1=0.4944
[[2109  133]
 [ 587   56]]
----------
Train Epoch 77/99
Epoch 77/99, Batch 0/361,Batch Loss=0.3866
Epoch 77/99, Batch 100/361,Batch Loss=0.3645
Epoch 77/99, Batch 200/361,Batch Loss=0.4194
Epoch 77/99, Batch 300/361,Batch Loss=0.4498
Epoch 77/99, AUC=0.5148, Accuracy=0.7484, Precision=0.5391, Recall=0.5148, F1=0.4972
[[2099  143]
 [ 583   60]]
----------
Train Epoch 78/99
Epoch 78/99, Batch 0/361,Batch Loss=0.3386
Epoch 78/99, Batch 100/361,Batch Loss=0.4673
Epoch 78/99, Batch 200/361,Batch Loss=0.4316
Epoch 78/99, Batch 300/361,Batch Loss=0.3361
Epoch 78/99, AUC=0.5137, Accuracy=0.7536, Precision=0.5422, Recall=0.5137, F1=0.4921
[[2122  120]
 [ 591   52]]
----------
Train Epoch 79/99
Epoch 79/99, Batch 0/361,Batch Loss=0.4957
Epoch 79/99, Batch 100/361,Batch Loss=0.2854
Epoch 79/99, Batch 200/361,Batch Loss=0.4290
Epoch 79/99, Batch 300/361,Batch Loss=0.4111
Epoch 79/99, AUC=0.5097, Accuracy=0.7490, Precision=0.5285, Recall=0.5097, F1=0.4875
[[2111  131]
 [ 593   50]]
----------
Train Epoch 80/99
Epoch 80/99, Batch 0/361,Batch Loss=0.4237
Epoch 80/99, Batch 100/361,Batch Loss=0.3408
Epoch 80/99, Batch 200/361,Batch Loss=0.5475
Epoch 80/99, Batch 300/361,Batch Loss=0.4642
Epoch 80/99, AUC=0.5127, Accuracy=0.7494, Precision=0.5356, Recall=0.5127, F1=0.4928
[[2107  135]
 [ 588   55]]
----------
Train Epoch 81/99
Epoch 81/99, Batch 0/361,Batch Loss=0.4689
Epoch 81/99, Batch 100/361,Batch Loss=0.2834
Epoch 81/99, Batch 200/361,Batch Loss=0.3688
Epoch 81/99, Batch 300/361,Batch Loss=0.4390
Epoch 81/99, AUC=0.5155, Accuracy=0.7487, Precision=0.5410, Recall=0.5155, F1=0.4984
[[2099  143]
 [ 582   61]]
----------
Train Epoch 82/99
Epoch 82/99, Batch 0/361,Batch Loss=0.4771
Epoch 82/99, Batch 100/361,Batch Loss=0.5092
Epoch 82/99, Batch 200/361,Batch Loss=0.3345
Epoch 82/99, Batch 300/361,Batch Loss=0.4720
Epoch 82/99, AUC=0.5099, Accuracy=0.7529, Precision=0.5324, Recall=0.5099, F1=0.4853
[[2126  116]
 [ 597   46]]
----------
Train Epoch 83/99
Epoch 83/99, Batch 0/361,Batch Loss=0.2988
Epoch 83/99, Batch 100/361,Batch Loss=0.2527
Epoch 83/99, Batch 200/361,Batch Loss=0.3074
Epoch 83/99, Batch 300/361,Batch Loss=0.3780
Epoch 83/99, AUC=0.5151, Accuracy=0.7480, Precision=0.5394, Recall=0.5151, F1=0.4980
[[2097  145]
 [ 582   61]]
----------
Train Epoch 84/99
Epoch 84/99, Batch 0/361,Batch Loss=0.4321
Epoch 84/99, Batch 100/361,Batch Loss=0.4119
Epoch 84/99, Batch 200/361,Batch Loss=0.4430
Epoch 84/99, Batch 300/361,Batch Loss=0.2892
Epoch 84/99, AUC=0.5162, Accuracy=0.7515, Precision=0.5452, Recall=0.5162, F1=0.4980
[[2109  133]
 [ 584   59]]
----------
Train Epoch 85/99
Epoch 85/99, Batch 0/361,Batch Loss=0.2510
Epoch 85/99, Batch 100/361,Batch Loss=0.3690
Epoch 85/99, Batch 200/361,Batch Loss=0.4253
Epoch 85/99, Batch 300/361,Batch Loss=0.3557
Epoch 85/99, AUC=0.5157, Accuracy=0.7497, Precision=0.5422, Recall=0.5157, F1=0.4980
[[2103  139]
 [ 583   60]]
----------
Train Epoch 86/99
Epoch 86/99, Batch 0/361,Batch Loss=0.3969
Epoch 86/99, Batch 100/361,Batch Loss=0.2962
Epoch 86/99, Batch 200/361,Batch Loss=0.4577
Epoch 86/99, Batch 300/361,Batch Loss=0.3442
Epoch 86/99, AUC=0.5130, Accuracy=0.7508, Precision=0.5377, Recall=0.5130, F1=0.4926
[[2112  130]
 [ 589   54]]
----------
Train Epoch 87/99
Epoch 87/99, Batch 0/361,Batch Loss=0.2865
Epoch 87/99, Batch 100/361,Batch Loss=0.2920
Epoch 87/99, Batch 200/361,Batch Loss=0.3497
Epoch 87/99, Batch 300/361,Batch Loss=0.5394
Epoch 87/99, 
Accuracy=0.7480, 
Precision=0.5437, 
Recall=0.5173, 
F1=0.5019
[[2093  149]
 [ 578   65]]
----------
Train Epoch 88/99
Epoch 88/99, Batch 0/361,Batch Loss=0.4194
Epoch 88/99, Batch 100/361,Batch Loss=0.3709
Epoch 88/99, Batch 200/361,Batch Loss=0.5301
Epoch 88/99, Batch 300/361,Batch Loss=0.3437
Epoch 88/99, AUC=0.5147, Accuracy=0.7508, Precision=0.5413, Recall=0.5147, F1=0.4956
[[2109  133]
 [ 586   57]]
----------
Train Epoch 89/99
Epoch 89/99, Batch 0/361,Batch Loss=0.4251
Epoch 89/99, Batch 100/361,Batch Loss=0.2728
Epoch 89/99, Batch 200/361,Batch Loss=0.4250
Epoch 89/99, Batch 300/361,Batch Loss=0.2796
Epoch 89/99, AUC=0.5154, Accuracy=0.7511, Precision=0.5433, Recall=0.5154, F1=0.4968
[[2109  133]
 [ 585   58]]
----------
Train Epoch 90/99
Epoch 90/99, Batch 0/361,Batch Loss=0.5861
Epoch 90/99, Batch 100/361,Batch Loss=0.4052
Epoch 90/99, Batch 200/361,Batch Loss=0.3529
Epoch 90/99, Batch 300/361,Batch Loss=0.4635
Epoch 90/99, AUC=0.5143, Accuracy=0.7511, Precision=0.5409, Recall=0.5143, F1=0.4948
[[2111  131]
 [ 587   56]]
----------
Train Epoch 91/99
Epoch 91/99, Batch 0/361,Batch Loss=0.3714
Epoch 91/99, Batch 100/361,Batch Loss=0.2453
Epoch 91/99, Batch 200/361,Batch Loss=0.3286
Epoch 91/99, Batch 300/361,Batch Loss=0.3787
Epoch 91/99, AUC=0.5170, Accuracy=0.7518, Precision=0.5472, Recall=0.5170, F1=0.4992
[[2109  133]
 [ 583   60]]
----------
Train Epoch 92/99
Epoch 92/99, Batch 0/361,Batch Loss=0.5565
Epoch 92/99, Batch 100/361,Batch Loss=0.3498
Epoch 92/99, Batch 200/361,Batch Loss=0.3802
Epoch 92/99, Batch 300/361,Batch Loss=0.3754
Epoch 92/99, AUC=0.5164, Accuracy=0.7518, Precision=0.5461, Recall=0.5164, F1=0.4982
[[2110  132]
 [ 584   59]]
----------
Train Epoch 93/99
Epoch 93/99, Batch 0/361,Batch Loss=0.4022
Epoch 93/99, Batch 100/361,Batch Loss=0.3722
Epoch 93/99, Batch 200/361,Batch Loss=0.4392
Epoch 93/99, Batch 300/361,Batch Loss=0.3367
Epoch 93/99, AUC=0.5148, Accuracy=0.7518, Precision=0.5426, Recall=0.5148, F1=0.4952
[[2113  129]
 [ 587   56]]
----------
Train Epoch 94/99
Epoch 94/99, Batch 0/361,Batch Loss=0.4424
Epoch 94/99, Batch 100/361,Batch Loss=0.2579
Epoch 94/99, Batch 200/361,Batch Loss=0.2985
Epoch 94/99, Batch 300/361,Batch Loss=0.5566
Epoch 94/99, AUC=0.5146, Accuracy=0.7515, Precision=0.5418, Recall=0.5146, F1=0.4950
[[2112  130]
 [ 587   56]]
----------
Train Epoch 95/99
Epoch 95/99, Batch 0/361,Batch Loss=0.3211
Epoch 95/99, Batch 100/361,Batch Loss=0.4123
Epoch 95/99, Batch 200/361,Batch Loss=0.3221
Epoch 95/99, Batch 300/361,Batch Loss=0.2285
Epoch 95/99, AUC=0.5169, Accuracy=0.7525, Precision=0.5478, Recall=0.5169, F1=0.4986
[[2112  130]
 [ 584   59]]
----------
Train Epoch 96/99
Epoch 96/99, Batch 0/361,Batch Loss=0.4749
Epoch 96/99, Batch 100/361,Batch Loss=0.5185
Epoch 96/99, Batch 200/361,Batch Loss=0.3600
Epoch 96/99, Batch 300/361,Batch Loss=0.5075
Epoch 96/99, AUC=0.5168, Accuracy=0.7515, Precision=0.5463, Recall=0.5168, F1=0.4990
[[2108  134]
 [ 583   60]]
----------
Train Epoch 97/99
Epoch 97/99, Batch 0/361,Batch Loss=0.2849
Epoch 97/99, Batch 100/361,Batch Loss=0.2697
Epoch 97/99, Batch 200/361,Batch Loss=0.3119
Epoch 97/99, Batch 300/361,Batch Loss=0.3228
Epoch 97/99, AUC=0.5168, Accuracy=0.7515, Precision=0.5463, Recall=0.5168, F1=0.4990
[[2108  134]
 [ 583   60]]
----------
Train Epoch 98/99
Epoch 98/99, Batch 0/361,Batch Loss=0.4368
Epoch 98/99, Batch 100/361,Batch Loss=0.2834
Epoch 98/99, Batch 200/361,Batch Loss=0.3179
Epoch 98/99, Batch 300/361,Batch Loss=0.4492
Epoch 98/99, AUC=0.5168, Accuracy=0.7515, Precision=0.5463, Recall=0.5168, F1=0.4990
[[2108  134]
 [ 583   60]]
----------
Train Epoch 99/99
Epoch 99/99, Batch 0/361,Batch Loss=0.3658
Epoch 99/99, Batch 100/361,Batch Loss=0.3371
Epoch 99/99, Batch 200/361,Batch Loss=0.3618
Epoch 99/99, Batch 300/361,Batch Loss=0.3953
Epoch 99/99, AUC=0.5164, Accuracy=0.7501, Precision=0.5441, Recall=0.5164, F1=0.4992
[[2103  139]
 [ 582   61]]
